Сборка начата 08.04.2024 13:25:58.
Уровень детализации журнала: Normal.     1>Проект "D:\Денис\2 сем\кпо\lab 9\SE_Lab09\SE_Lab09\SE_Lab09.vcxproj" в узле 2 (целевые объекты Build).
     1>PrepareForBuild:
         Структурированный вывод включен. Форматирование диагностики компилятора будет отражать иерархию ошибок. Подробнее см. https://aka.ms/cpp/structured-output.
       InitializeBuildStatus:
         Создание "x64\Debug\SE_Lab09.tlog\unsuccessfulbuild", так как было задано "AlwaysCreate".
         Обращение к "x64\Debug\SE_Lab09.tlog\unsuccessfulbuild".
       ClCompile:
         C:\Program Files\Microsoft Visual Studio\2022\Community\VC\Tools\MSVC\14.38.33130\bin\HostX64\x64\CL.exe /c /ZI /JMC /nologo /W3 /WX- /diagnostics:column /sdl /Od /D _DEBUG /D _CONSOLE /D _UNICODE /D UNICODE /Gm- /EHsc /RTC1 /MDd /GS /fp:precise /Zc:wchar_t /Zc:forScope /Zc:inline /permissive- /Fo"x64\Debug\\" /Fd"x64\Debug\vc143.pdb" /external:W3 /Gd /TP /FC /errorReport:prompt lab9.cpp
         lab9.cpp
     1>D:\Денис\2 сем\кпо\lab 9\SE_Lab09\SE_Lab09\lab9.cpp(26,36): warning C4305: аргумент: усечение из "double" в "float"
     1>D:\Денис\2 сем\кпо\lab 9\SE_Lab09\SE_Lab09\lab9.cpp(27,35): warning C4305: аргумент: усечение из "double" в "float"
       Link:
         C:\Program Files\Microsoft Visual Studio\2022\Community\VC\Tools\MSVC\14.38.33130\bin\HostX64\x64\link.exe /ERRORREPORT:PROMPT /OUT:"D:\Денис\2 сем\кпо\lab 9\SE_Lab09\x64\Debug\SE_Lab09.exe" /INCREMENTAL /ILK:"x64\Debug\SE_Lab09.ilk" /NOLOGO kernel32.lib user32.lib gdi32.lib winspool.lib comdlg32.lib advapi32.lib shell32.lib ole32.lib oleaut32.lib uuid.lib odbc32.lib odbccp32.lib /MANIFEST /MANIFESTUAC:"level='asInvoker' uiAccess='false'" /manifest:embed /DEBUG /PDB:"D:\Денис\2 сем\кпо\lab 9\SE_Lab09\x64\Debug\SE_Lab09.pdb" /SUBSYSTEM:CONSOLE /TLBID:1 /DYNAMICBASE /NXCOMPAT /IMPLIB:"D:\Денис\2 сем\кпо\lab 9\SE_Lab09\x64\Debug\SE_Lab09.lib" /MACHINE:X64 x64\Debug\lab9.obj
         x64\Debug\Varparm.obj
         SE_Lab09.vcxproj -> D:\Денис\2 сем\кпо\lab 9\SE_Lab09\x64\Debug\SE_Lab09.exe
       FinalizeBuildStatus:
         Файл "x64\Debug\SE_Lab09.tlog\unsuccessfulbuild" удаляется.
         Обращение к "x64\Debug\SE_Lab09.tlog\SE_Lab09.lastbuildstate".
     1>Сборка проекта "D:\Денис\2 сем\кпо\lab 9\SE_Lab09\SE_Lab09\SE_Lab09.vcxproj" завершена (целевые объекты Build).

Сборка успешно завершена.

       "D:\Денис\2 сем\кпо\lab 9\SE_Lab09\SE_Lab09\SE_Lab09.vcxproj" (целевой объект Build ) (1) ->
       (Целевой объект ClCompile) -> 
         D:\Денис\2 сем\кпо\lab 9\SE_Lab09\SE_Lab09\lab9.cpp(26,36): warning C4305: аргумент: усечение из "double" в "float"
         D:\Денис\2 сем\кпо\lab 9\SE_Lab09\SE_Lab09\lab9.cpp(27,35): warning C4305: аргумент: усечение из "double" в "float"

    Предупреждений: 2
    Ошибок: 0

Прошло времени 00:00:00.68
