Сборка начата 19.02.2024 17:09:36.
Уровень детализации журнала: Normal.     1>Проект "D:\Денис\2 сем\кпо\лаба 2\types_dates\types_dates\types_dates.vcxproj" в узле 2 (целевые объекты Build).
     1>PrepareForBuild:
         Структурированный вывод включен. Форматирование диагностики компилятора будет отражать иерархию ошибок. Подробнее см. https://aka.ms/cpp/structured-output.
       InitializeBuildStatus:
         Создание "x64\Debug\types_dates.tlog\unsuccessfulbuild", так как было задано "AlwaysCreate".
         Обращение к "x64\Debug\types_dates.tlog\unsuccessfulbuild".
       ClCompile:
         C:\Program Files\Microsoft Visual Studio\2022\Community\VC\Tools\MSVC\14.38.33130\bin\HostX64\x64\CL.exe /c /ZI /JMC /nologo /W3 /WX- /diagnostics:column /sdl /Od /D _DEBUG /D _CONSOLE /D _UNICODE /D UNICODE /Gm- /EHsc /RTC1 /MDd /GS /fp:precise /Zc:wchar_t /Zc:forScope /Zc:inline /permissive- /Fo"x64\Debug\\" /Fd"x64\Debug\vc143.pdb" /external:W3 /Gd /TP /FC /errorReport:prompt firsttask.cpp
         firsttask.cpp
     1>D:\Денис\2 сем\кпо\лаба 2\types_dates\types_dates\firsttask.cpp(16,10): warning C4244: инициализация: преобразование "double" в "float", возможна потеря данных
     1>D:\Денис\2 сем\кпо\лаба 2\types_dates\types_dates\firsttask.cpp(22,17): warning C4305: инициализация: усечение из "wchar_t" в "char"
     1>D:\Денис\2 сем\кпо\лаба 2\types_dates\types_dates\firsttask.cpp(22,19): warning C4309: инициализация: усечение константного значения
     1>D:\Денис\2 сем\кпо\лаба 2\types_dates\types_dates\firsttask.cpp(31,23): warning C4309: инициализация: усечение константного значения
     1>D:\Денис\2 сем\кпо\лаба 2\types_dates\types_dates\firsttask.cpp(40,21): warning C4309: инициализация: усечение константного значения
     1>D:\Денис\2 сем\кпо\лаба 2\types_dates\types_dates\firsttask.cpp(49,22): warning C4309: инициализация: усечение константного значения
     1>D:\Денис\2 сем\кпо\лаба 2\types_dates\types_dates\firsttask.cpp(65,21): warning C4305: инициализация: усечение из "double" в "float"
     1>D:\Денис\2 сем\кпо\лаба 2\types_dates\types_dates\firsttask.cpp(58): warning C4723: возможное деление на 0
     1>D:\Денис\2 сем\кпо\лаба 2\types_dates\types_dates\firsttask.cpp(57): warning C4723: возможное деление на 0
       Link:
         C:\Program Files\Microsoft Visual Studio\2022\Community\VC\Tools\MSVC\14.38.33130\bin\HostX64\x64\link.exe /ERRORREPORT:PROMPT /OUT:"D:\Денис\2 сем\кпо\лаба 2\types_dates\x64\Debug\types_dates.exe" /INCREMENTAL /ILK:"x64\Debug\types_dates.ilk" /NOLOGO kernel32.lib user32.lib gdi32.lib winspool.lib comdlg32.lib advapi32.lib shell32.lib ole32.lib oleaut32.lib uuid.lib odbc32.lib odbccp32.lib /MANIFEST /MANIFESTUAC:"level='asInvoker' uiAccess='false'" /manifest:embed /DEBUG /PDB:"D:\Денис\2 сем\кпо\лаба 2\types_dates\x64\Debug\types_dates.pdb" /SUBSYSTEM:CONSOLE /TLBID:1 /DYNAMICBASE /NXCOMPAT /IMPLIB:"D:\Денис\2 сем\кпо\лаба 2\types_dates\x64\Debug\types_dates.lib" /MACHINE:X64 x64\Debug\firsttask.obj
         types_dates.vcxproj -> D:\Денис\2 сем\кпо\лаба 2\types_dates\x64\Debug\types_dates.exe
       FinalizeBuildStatus:
         Файл "x64\Debug\types_dates.tlog\unsuccessfulbuild" удаляется.
         Обращение к "x64\Debug\types_dates.tlog\types_dates.lastbuildstate".
     1>Сборка проекта "D:\Денис\2 сем\кпо\лаба 2\types_dates\types_dates\types_dates.vcxproj" завершена (целевые объекты Build).

Сборка успешно завершена.

       "D:\Денис\2 сем\кпо\лаба 2\types_dates\types_dates\types_dates.vcxproj" (целевой объект Build ) (1) ->
       (Целевой объект ClCompile) -> 
         D:\Денис\2 сем\кпо\лаба 2\types_dates\types_dates\firsttask.cpp(16,10): warning C4244: инициализация: преобразование "double" в "float", возможна потеря данных
         D:\Денис\2 сем\кпо\лаба 2\types_dates\types_dates\firsttask.cpp(22,17): warning C4305: инициализация: усечение из "wchar_t" в "char"
         D:\Денис\2 сем\кпо\лаба 2\types_dates\types_dates\firsttask.cpp(22,19): warning C4309: инициализация: усечение константного значения
         D:\Денис\2 сем\кпо\лаба 2\types_dates\types_dates\firsttask.cpp(31,23): warning C4309: инициализация: усечение константного значения
         D:\Денис\2 сем\кпо\лаба 2\types_dates\types_dates\firsttask.cpp(40,21): warning C4309: инициализация: усечение константного значения
         D:\Денис\2 сем\кпо\лаба 2\types_dates\types_dates\firsttask.cpp(49,22): warning C4309: инициализация: усечение константного значения
         D:\Денис\2 сем\кпо\лаба 2\types_dates\types_dates\firsttask.cpp(65,21): warning C4305: инициализация: усечение из "double" в "float"
         D:\Денис\2 сем\кпо\лаба 2\types_dates\types_dates\firsttask.cpp(58): warning C4723: возможное деление на 0
         D:\Денис\2 сем\кпо\лаба 2\types_dates\types_dates\firsttask.cpp(57): warning C4723: возможное деление на 0

    Предупреждений: 9
    Ошибок: 0

Прошло времени 00:00:01.48
