Сборка начата 26.02.2024 16:45:40.
Уровень детализации журнала: Normal.     1>Проект "D:\Денис\2 сем\кпо\lab 1, 3\days_numbers\days_numbers\days_numbers.vcxproj" в узле 2 (целевые объекты Build).
     1>PrepareForBuild:
         Структурированный вывод включен. Форматирование диагностики компилятора будет отражать иерархию ошибок. Подробнее см. https://aka.ms/cpp/structured-output.
       InitializeBuildStatus:
         Обращение к "x64\Debug\days_numbers.tlog\unsuccessfulbuild".
       ClCompile:
         Для всех выходных данных обновления не требуется.
         C:\Program Files\Microsoft Visual Studio\2022\Community\VC\Tools\MSVC\14.38.33130\bin\HostX64\x64\CL.exe /c /ZI /JMC /nologo /W3 /WX- /diagnostics:column /sdl /Od /D _DEBUG /D _CONSOLE /D _UNICODE /D UNICODE /Gm- /EHsc /RTC1 /MDd /GS /fp:precise /Zc:wchar_t /Zc:forScope /Zc:inline /permissive- /Yu"stdafx.h" /Fp"x64\Debug\days_numbers.pch" /FAcs /Fa"x64\Debug\\" /Fo"x64\Debug\\" /Fd"x64\Debug\vc143.pdb" /external:W3 /Gd /TP /FC /errorReport:prompt first_task.cpp
         first_task.cpp
       Link:
         C:\Program Files\Microsoft Visual Studio\2022\Community\VC\Tools\MSVC\14.38.33130\bin\HostX64\x64\link.exe /ERRORREPORT:PROMPT /OUT:"D:\Денис\2 сем\кпо\lab 1, 3\days_numbers\x64\Debug\days_numbers.exe" /INCREMENTAL /ILK:"x64\Debug\days_numbers.ilk" /NOLOGO kernel32.lib user32.lib gdi32.lib winspool.lib comdlg32.lib advapi32.lib shell32.lib ole32.lib oleaut32.lib uuid.lib odbc32.lib odbccp32.lib /MANIFEST /MANIFESTUAC:"level='asInvoker' uiAccess='false'" /manifest:embed /DEBUG /PDB:"D:\Денис\2 сем\кпо\lab 1, 3\days_numbers\x64\Debug\days_numbers.pdb" /SUBSYSTEM:CONSOLE /TLBID:1 /DYNAMICBASE /NXCOMPAT /IMPLIB:"D:\Денис\2 сем\кпо\lab 1, 3\days_numbers\x64\Debug\days_numbers.lib" /MACHINE:X64 x64\Debug\first_task.obj
         x64\Debug\function_1.obj
         x64\Debug\function_2.obj
         x64\Debug\stdafx.obj
         days_numbers.vcxproj -> D:\Денис\2 сем\кпо\lab 1, 3\days_numbers\x64\Debug\days_numbers.exe
       FinalizeBuildStatus:
         Файл "x64\Debug\days_numbers.tlog\unsuccessfulbuild" удаляется.
         Обращение к "x64\Debug\days_numbers.tlog\days_numbers.lastbuildstate".
     1>Сборка проекта "D:\Денис\2 сем\кпо\lab 1, 3\days_numbers\days_numbers\days_numbers.vcxproj" завершена (целевые объекты Build).

Сборка успешно завершена.
    Предупреждений: 0
    Ошибок: 0

Прошло времени 00:00:00.27
