d:\денис\2 сем\кпо\лаба 1\days_numbers\days_numbers\x64\debug\days_numbers.pch
d:\денис\2 сем\кпо\лаба 1\days_numbers\days_numbers\x64\debug\vc143.pdb
d:\денис\2 сем\кпо\лаба 1\days_numbers\days_numbers\x64\debug\vc143.idb
d:\денис\2 сем\кпо\лаба 1\days_numbers\days_numbers\x64\debug\stdafx.obj
d:\денис\2 сем\кпо\лаба 1\days_numbers\days_numbers\x64\debug\stdafx.cod
d:\денис\2 сем\кпо\лаба 1\days_numbers\days_numbers\x64\debug\function_2.obj
d:\денис\2 сем\кпо\лаба 1\days_numbers\days_numbers\x64\debug\function_2.cod
d:\денис\2 сем\кпо\лаба 1\days_numbers\days_numbers\x64\debug\function_1.obj
d:\денис\2 сем\кпо\лаба 1\days_numbers\days_numbers\x64\debug\function_1.cod
d:\денис\2 сем\кпо\лаба 1\days_numbers\days_numbers\x64\debug\first_task.obj
d:\денис\2 сем\кпо\лаба 1\days_numbers\days_numbers\x64\debug\first_task.cod
d:\денис\2 сем\кпо\лаба 1\days_numbers\x64\debug\days_numbers.exe
d:\денис\2 сем\кпо\лаба 1\days_numbers\days_numbers\x64\debug\days_numbers.ilk
d:\денис\2 сем\кпо\лаба 1\days_numbers\x64\debug\days_numbers.pdb
d:\денис\2 сем\кпо\лаба 1\days_numbers\days_numbers\x64\debug\days_numbers.tlog\cl.command.1.tlog
d:\денис\2 сем\кпо\лаба 1\days_numbers\days_numbers\x64\debug\days_numbers.tlog\cl.items.tlog
d:\денис\2 сем\кпо\лаба 1\days_numbers\days_numbers\x64\debug\days_numbers.tlog\cl.read.1.tlog
d:\денис\2 сем\кпо\лаба 1\days_numbers\days_numbers\x64\debug\days_numbers.tlog\cl.write.1.tlog
d:\денис\2 сем\кпо\лаба 1\days_numbers\days_numbers\x64\debug\days_numbers.tlog\link.command.1.tlog
d:\денис\2 сем\кпо\лаба 1\days_numbers\days_numbers\x64\debug\days_numbers.tlog\link.read.1.tlog
d:\денис\2 сем\кпо\лаба 1\days_numbers\days_numbers\x64\debug\days_numbers.tlog\link.write.1.tlog
