Сборка начата 07.04.2024 16:17:57.
Уровень детализации журнала: Normal.     1>Проект "D:\Денис\2 сем\кпо\lab 5\SE_Lab05\SE_Lab05\SE_Lab05.vcxproj" в узле 3 (целевые объекты Rebuild).
     1>_PrepareForClean:
         Файл "Debug\SE_Lab05.tlog\SE_Lab05.lastbuildstate" удаляется.
       PrepareForBuild:
         Структурированный вывод включен. Форматирование диагностики компилятора будет отражать иерархию ошибок. Подробнее см. https://aka.ms/cpp/structured-output.
       InitializeBuildStatus:
         Создание "Debug\SE_Lab05.tlog\unsuccessfulbuild", так как было задано "AlwaysCreate".
         Обращение к "Debug\SE_Lab05.tlog\unsuccessfulbuild".
       ClCompile:
         C:\Program Files\Microsoft Visual Studio\2022\Community\VC\Tools\MSVC\14.38.33130\bin\HostX86\x86\CL.exe /c /ZI /JMC /nologo /W3 /WX- /diagnostics:column /sdl /Od /Oy- /D WIN32 /D _DEBUG /D _CONSOLE /D _UNICODE /D UNICODE /Gm- /EHsc /RTC1 /MDd /GS /fp:precise /Zc:wchar_t /Zc:forScope /Zc:inline /permissive- /Fo"Debug\\" /Fd"Debug\vc143.pdb" /external:W3 /Gd /TP /analyze- /FC /errorReport:prompt Dictionary.cpp
         Dictionary.cpp
       Link:
         C:\Program Files\Microsoft Visual Studio\2022\Community\VC\Tools\MSVC\14.38.33130\bin\HostX86\x86\link.exe /ERRORREPORT:PROMPT /OUT:"D:\Денис\2 сем\кпо\lab 5\SE_Lab05\Debug\SE_Lab05.exe" /INCREMENTAL /ILK:"Debug\SE_Lab05.ilk" /NOLOGO kernel32.lib user32.lib gdi32.lib winspool.lib comdlg32.lib advapi32.lib shell32.lib ole32.lib oleaut32.lib uuid.lib odbc32.lib odbccp32.lib /MANIFEST /MANIFESTUAC:"level='asInvoker' uiAccess='false'" /manifest:embed /DEBUG /PDB:"D:\Денис\2 сем\кпо\lab 5\SE_Lab05\Debug\SE_Lab05.pdb" /SUBSYSTEM:CONSOLE /TLBID:1 /DYNAMICBASE /NXCOMPAT /IMPLIB:"D:\Денис\2 сем\кпо\lab 5\SE_Lab05\Debug\SE_Lab05.lib" /MACHINE:X86 Debug\Dictionary.obj
         SE_Lab05.vcxproj -> D:\Денис\2 сем\кпо\lab 5\SE_Lab05\Debug\SE_Lab05.exe
       FinalizeBuildStatus:
         Файл "Debug\SE_Lab05.tlog\unsuccessfulbuild" удаляется.
         Обращение к "Debug\SE_Lab05.tlog\SE_Lab05.lastbuildstate".
     1>Сборка проекта "D:\Денис\2 сем\кпо\lab 5\SE_Lab05\SE_Lab05\SE_Lab05.vcxproj" завершена (целевые объекты Rebuild).

Сборка успешно завершена.
    Предупреждений: 0
    Ошибок: 0

Прошло времени 00:00:00.83
